# Progress Log for meu-app
# Created: 2025-12-23T21:36:23.352Z
# This file tracks the progress of feature implementation across sessions.

[2025-12-23T21:36:23.353Z] [INIT] Project initialized with 65 features
- Tech stack: React, TypeScript, Vite, TailwindCSS, Zustand
- Features generated: 65

[2025-12-23T22:59:23.405Z] [F001] Implement complete user authentication flow with Supabase integration - COMPLETED
- Verified all authentication implementation files exist and are functional
- Backend API endpoints: register, login, logout, password recovery, reset password, refresh token, /auth/me
- Frontend components: Auth page with login/register/recover modes, reset password page
- AuthContext: Session persistence, token management, Supabase integration
- E2E test suite: 21 tests covering all authentication flows
- Test results: 21/21 passing (100% pass rate)
- All acceptance criteria verified and met
- Feature marked as passes: true

[2025-12-23T23:30:45.950Z] [F002] Implement magic link authentication for passwordless login - COMPLETED
- Fixed frontend auth page to use mode-specific test IDs (magic-link-sent-message, magic-link-error)
- Updated e2e tests to match backend security-conscious message patterns
- Backend API endpoint: /auth/magic-link (uses Supabase signInWithOtp)
- Frontend integration: signInWithMagicLink method in AuthContext and API client
- Callback route handler: /auth/callback (exchanges code for session)
- Auth page: Magic link mode with email input, success/error feedback, navigation
- E2E test suite: 13 tests covering magic link flow, UI, backend API, callback handling
- Test results: 34/34 total tests passing (21 F001 + 13 F002)
- All acceptance criteria verified and met
- Feature marked as passes: true
